;/////////////////////////////////////////////////////////////////////////////////
;// Code Generator: BoostC Compiler - http://www.sourceboost.com
;// Version       : 7.04
;// License Type  : Lite License (Unregistered)
;// Limitations   : PIC12,PIC16 max code size:2048 words, max RAM banks:2, Non commercial use only
;/////////////////////////////////////////////////////////////////////////////////

	ORG 0x00000000
0000  2BD8  	GOTO	_startup
	ORG 0x00000004
0004        delay_ms_00000
0004        ; { delay_ms ; function begin
0004  08BC  	MOVF delay_ms_00000_arg_del, F
0005  1D03  	BTFSS STATUS,Z
0006  2808  	GOTO	label1
0007  0008  	RETURN
0008        label1
0008  30F9  	MOVLW 0xF9
0009        label2
0009  0000  	NOP
000A  0000  	NOP
000B  0000  	NOP
000C  0000  	NOP
000D  0000  	NOP
000E  0000  	NOP
000F  0000  	NOP
0010  0000  	NOP
0011  0000  	NOP
0012  0000  	NOP
0013  0000  	NOP
0014  0000  	NOP
0015  0000  	NOP
0016  0000  	NOP
0017  0000  	NOP
0018  0000  	NOP
0019  3EFF  	ADDLW 0xFF
001A  1D03  	BTFSS STATUS,Z
001B  2809  	GOTO	label2
001C  0000  	NOP
001D  0000  	NOP
001E  0000  	NOP
001F  0000  	NOP
0020  0000  	NOP
0021  0000  	NOP
0022  0000  	NOP
0023  0000  	NOP
0024  0000  	NOP
0025  0000  	NOP
0026  0000  	NOP
0027  0000  	NOP
0028  0000  	NOP
0029  0000  	NOP
002A  0000  	NOP
002B  0000  	NOP
002C  0000  	NOP
002D  0BBC  	DECFSZ delay_ms_00000_arg_del, F
002E  2808  	GOTO	label1
002F  0008  	RETURN
0030        ; } delay_ms function end

	ORG 0x00000030
0030        delay_s_00000
0030        ; { delay_s ; function begin
0030        label3
0030  30FA  	MOVLW 0xFA
0031  00BC  	MOVWF delay_ms_00000_arg_del
0032  2004  	CALL delay_ms_00000
0033  30FA  	MOVLW 0xFA
0034  00BC  	MOVWF delay_ms_00000_arg_del
0035  2004  	CALL delay_ms_00000
0036  30FA  	MOVLW 0xFA
0037  00BC  	MOVWF delay_ms_00000_arg_del
0038  2004  	CALL delay_ms_00000
0039  30FA  	MOVLW 0xFA
003A  00BC  	MOVWF delay_ms_00000_arg_del
003B  2004  	CALL delay_ms_00000
003C  0BBB  	DECFSZ delay_s_00000_arg_del, F
003D  2830  	GOTO	label3
003E  0008  	RETURN
003F        ; } delay_s function end

	ORG 0x0000003F
003F        PUTC_00000
003F        ; { PUTC ; function begin
003F  3001  	MOVLW 0x01
0040  00E8  	MOVWF PUTC_00000_1_mask
0041        label4
0041  1E0C  	BTFSS PUTC_00000_1_l_txif,4
0042  2841  	GOTO	label4
0043  0867  	MOVF PUTC_00000_arg_tx_char, W
0044  0099  	MOVWF PUTC_00000_1_l_txreg
0045  0008  	RETURN
0046        ; } PUTC function end

	ORG 0x00000046
0046        puts__00000
0046        ; { puts_ ; function begin
0046  01E5  	CLRF puts__00000_1_i
0047  01E6  	CLRF puts__00000_1_i+D'1'
0048  01E5  	CLRF puts__00000_1_i
0049  01E6  	CLRF puts__00000_1_i+D'1'
004A        label5
004A  0866  	MOVF puts__00000_1_i+D'1', W
004B  3A80  	XORLW 0x80
004C  00E7  	MOVWF CompTempVar633
004D  0864  	MOVF puts__00000_arg_tam+D'1', W
004E  3A80  	XORLW 0x80
004F  0267  	SUBWF CompTempVar633, W
0050  1D03  	BTFSS STATUS,Z
0051  2854  	GOTO	label6
0052  0863  	MOVF puts__00000_arg_tam, W
0053  0265  	SUBWF puts__00000_1_i, W
0054        label6
0054  1803  	BTFSC STATUS,C
0055  0008  	RETURN
0056  1383  	BCF STATUS,IRP
0057  1862  	BTFSC puts__00000_arg_source+D'1',0
0058  1783  	BSF STATUS,IRP
0059  0861  	MOVF puts__00000_arg_source, W
005A  0084  	MOVWF FSR
005B  0AE1  	INCF puts__00000_arg_source, F
005C  1903  	BTFSC STATUS,Z
005D  0AE2  	INCF puts__00000_arg_source+D'1', F
005E  0800  	MOVF INDF, W
005F  00E7  	MOVWF PUTC_00000_arg_tx_char
0060  203F  	CALL PUTC_00000
0061  0AE5  	INCF puts__00000_1_i, F
0062  1903  	BTFSC STATUS,Z
0063  0AE6  	INCF puts__00000_1_i+D'1', F
0064  284A  	GOTO	label5
0065        ; } puts_ function end

	ORG 0x00000065
0065        eeprom_wri_00012
0065        ; { eeprom_write ; function begin
0065        label7
0065  1683  	BSF STATUS, RP0
0066  1703  	BSF STATUS, RP1
0067  188C  	BTFSC gbl_eecon1,1
0068  2865  	GOTO	label7
0069  1283  	BCF STATUS, RP0
006A  1303  	BCF STATUS, RP1
006B  083E  	MOVF eeprom_wri_00012_arg_address, W
006C  1703  	BSF STATUS, RP1
006D  008D  	MOVWF gbl_eeadr
006E  1303  	BCF STATUS, RP1
006F  083F  	MOVF eeprom_wri_00012_arg_data, W
0070  1703  	BSF STATUS, RP1
0071  008C  	MOVWF gbl_eedata
0072  1683  	BSF STATUS, RP0
0073  138C  	BCF gbl_eecon1,7
0074  150C  	BSF gbl_eecon1,2
0075  1283  	BCF STATUS, RP0
0076  1303  	BCF STATUS, RP1
0077  10BA  	BCF eeprom_wri_00012_1_intState,1
0078  1B8B  	BTFSC gbl_intcon,7
0079  14BA  	BSF eeprom_wri_00012_1_intState,1
007A  138B  	BCF gbl_intcon,7
007B  3055  	MOVLW 0x55
007C  1683  	BSF STATUS, RP0
007D  1703  	BSF STATUS, RP1
007E  008D  	MOVWF gbl_eecon2
007F  30AA  	MOVLW 0xAA
0080  008D  	MOVWF gbl_eecon2
0081  148C  	BSF gbl_eecon1,1
0082  110C  	BCF gbl_eecon1,2
0083  1283  	BCF STATUS, RP0
0084  1303  	BCF STATUS, RP1
0085  18BA  	BTFSC eeprom_wri_00012_1_intState,1
0086  178B  	BSF gbl_intcon,7
0087  1CBA  	BTFSS eeprom_wri_00012_1_intState,1
0088  138B  	BCF gbl_intcon,7
0089  0008  	RETURN
008A        ; } eeprom_write function end

	ORG 0x0000008A
008A        eeprom_rea_00011
008A        ; { eeprom_read ; function begin
008A        label8
008A  1683  	BSF STATUS, RP0
008B  1703  	BSF STATUS, RP1
008C  188C  	BTFSC gbl_eecon1,1
008D  288A  	GOTO	label8
008E  1283  	BCF STATUS, RP0
008F  1303  	BCF STATUS, RP1
0090  083E  	MOVF eeprom_rea_00011_arg_address, W
0091  1703  	BSF STATUS, RP1
0092  008D  	MOVWF gbl_eeadr
0093  1683  	BSF STATUS, RP0
0094  138C  	BCF gbl_eecon1,7
0095  140C  	BSF gbl_eecon1,0
0096  1283  	BCF STATUS, RP0
0097  080C  	MOVF gbl_eedata, W
0098  1303  	BCF STATUS, RP1
0099  00BF  	MOVWF CompTempVarRet658
009A  0008  	RETURN
009B        ; } eeprom_read function end

	ORG 0x0000009B
009B        KBHIT_00000
009B        ; { KBHIT ; function begin
009B  1283  	BCF STATUS, RP0
009C  1303  	BCF STATUS, RP1
009D  1C98  	BTFSS KBHIT_00000_1_l_oerr,1
009E  28A1  	GOTO	label9
009F  1218  	BCF KBHIT_00000_1_l_cren,4
00A0  1618  	BSF KBHIT_00000_1_l_cren,4
00A1        label9
00A1  01BC  	CLRF CompTempVarRet632
00A2  1A8C  	BTFSC KBHIT_00000_1_l_rcif,5
00A3  0ABC  	INCF CompTempVarRet632, F
00A4  0008  	RETURN
00A5        ; } KBHIT function end

	ORG 0x000000A5
00A5        setPuertos_00000
00A5        ; { setPuertos ; function begin
00A5  1283  	BCF STATUS, RP0
00A6  1303  	BCF STATUS, RP1
00A7  1824  	BTFSC gbl_calef1,0
00A8  1406  	BSF gbl_portb,0
00A9  1C24  	BTFSS gbl_calef1,0
00AA  1006  	BCF gbl_portb,0
00AB  18A4  	BTFSC gbl_calef1,1
00AC  1486  	BSF gbl_portb,1
00AD  1CA4  	BTFSS gbl_calef1,1
00AE  1086  	BCF gbl_portb,1
00AF  1825  	BTFSC gbl_calef2,0
00B0  1506  	BSF gbl_portb,2
00B1  1C25  	BTFSS gbl_calef2,0
00B2  1106  	BCF gbl_portb,2
00B3  18A5  	BTFSC gbl_calef2,1
00B4  1586  	BSF gbl_portb,3
00B5  1CA5  	BTFSS gbl_calef2,1
00B6  1186  	BCF gbl_portb,3
00B7  1826  	BTFSC gbl_Extract1,0
00B8  1608  	BSF gbl_portd,4
00B9  1C26  	BTFSS gbl_Extract1,0
00BA  1208  	BCF gbl_portd,4
00BB  18A6  	BTFSC gbl_Extract1,1
00BC  1688  	BSF gbl_portd,5
00BD  1CA6  	BTFSS gbl_Extract1,1
00BE  1288  	BCF gbl_portd,5
00BF  1926  	BTFSC gbl_Extract1,2
00C0  1708  	BSF gbl_portd,6
00C1  1D26  	BTFSS gbl_Extract1,2
00C2  1308  	BCF gbl_portd,6
00C3  19A6  	BTFSC gbl_Extract1,3
00C4  1788  	BSF gbl_portd,7
00C5  1DA6  	BTFSS gbl_Extract1,3
00C6  1388  	BCF gbl_portd,7
00C7  1827  	BTFSC gbl_Extract2,0
00C8  1408  	BSF gbl_portd,0
00C9  1C27  	BTFSS gbl_Extract2,0
00CA  1008  	BCF gbl_portd,0
00CB  18A7  	BTFSC gbl_Extract2,1
00CC  1488  	BSF gbl_portd,1
00CD  1CA7  	BTFSS gbl_Extract2,1
00CE  1088  	BCF gbl_portd,1
00CF  1927  	BTFSC gbl_Extract2,2
00D0  1508  	BSF gbl_portd,2
00D1  1D27  	BTFSS gbl_Extract2,2
00D2  1108  	BCF gbl_portd,2
00D3  19A7  	BTFSC gbl_Extract2,3
00D4  1588  	BSF gbl_portd,3
00D5  1DA7  	BTFSS gbl_Extract2,3
00D6  1188  	BCF gbl_portd,3
00D7  0328  	DECF gbl_AA, W
00D8  1D03  	BTFSS STATUS,Z
00D9  28F0  	GOTO	label10
00DA  1786  	BSF gbl_portb,7
00DB  30BC  	MOVLW 0xBC
00DC  00BC  	MOVWF delay_ms_00000_arg_del
00DD  2004  	CALL delay_ms_00000
00DE  1386  	BCF gbl_portb,7
00DF  3002  	MOVLW 0x02
00E0  00BB  	MOVWF delay_s_00000_arg_del
00E1  2030  	CALL delay_s_00000
00E2  1706  	BSF gbl_portb,6
00E3  30BC  	MOVLW 0xBC
00E4  00BC  	MOVWF delay_ms_00000_arg_del
00E5  2004  	CALL delay_ms_00000
00E6  1306  	BCF gbl_portb,6
00E7  3002  	MOVLW 0x02
00E8  00BB  	MOVWF delay_s_00000_arg_del
00E9  2030  	CALL delay_s_00000
00EA  1706  	BSF gbl_portb,6
00EB  30BC  	MOVLW 0xBC
00EC  00BC  	MOVWF delay_ms_00000_arg_del
00ED  2004  	CALL delay_ms_00000
00EE  1306  	BCF gbl_portb,6
00EF  2909  	GOTO	label12
00F0        label10
00F0  0828  	MOVF gbl_AA, W
00F1  3A02  	XORLW 0x02
00F2  1D03  	BTFSS STATUS,Z
00F3  28FD  	GOTO	label11
00F4  1686  	BSF gbl_portb,5
00F5  30BC  	MOVLW 0xBC
00F6  00BC  	MOVWF delay_ms_00000_arg_del
00F7  2004  	CALL delay_ms_00000
00F8  1286  	BCF gbl_portb,5
00F9  3001  	MOVLW 0x01
00FA  00BB  	MOVWF delay_s_00000_arg_del
00FB  2030  	CALL delay_s_00000
00FC  2909  	GOTO	label12
00FD        label11
00FD  0828  	MOVF gbl_AA, W
00FE  3A03  	XORLW 0x03
00FF  1D03  	BTFSS STATUS,Z
0100  2909  	GOTO	label12
0101  1606  	BSF gbl_portb,4
0102  30BC  	MOVLW 0xBC
0103  00BC  	MOVWF delay_ms_00000_arg_del
0104  2004  	CALL delay_ms_00000
0105  1206  	BCF gbl_portb,4
0106  3001  	MOVLW 0x01
0107  00BB  	MOVWF delay_s_00000_arg_del
0108  2030  	CALL delay_s_00000
0109        label12
0109  1829  	BTFSC gbl_Persiana,0
010A  1607  	BSF gbl_portc,4
010B  1C29  	BTFSS gbl_Persiana,0
010C  1207  	BCF gbl_portc,4
010D  18A9  	BTFSC gbl_Persiana,1
010E  1687  	BSF gbl_portc,5
010F  1CA9  	BTFSS gbl_Persiana,1
0110  1287  	BCF gbl_portc,5
0111  182A  	BTFSC gbl_bombillos,0
0112  1405  	BSF gbl_porta,0
0113  1C2A  	BTFSS gbl_bombillos,0
0114  1005  	BCF gbl_porta,0
0115  18AA  	BTFSC gbl_bombillos,1
0116  1485  	BSF gbl_porta,1
0117  1CAA  	BTFSS gbl_bombillos,1
0118  1085  	BCF gbl_porta,1
0119  192A  	BTFSC gbl_bombillos,2
011A  1505  	BSF gbl_porta,2
011B  1D2A  	BTFSS gbl_bombillos,2
011C  1105  	BCF gbl_porta,2
011D  19AA  	BTFSC gbl_bombillos,3
011E  1585  	BSF gbl_porta,3
011F  1DAA  	BTFSS gbl_bombillos,3
0120  1185  	BCF gbl_porta,3
0121  1A2A  	BTFSC gbl_bombillos,4
0122  1605  	BSF gbl_porta,4
0123  1E2A  	BTFSS gbl_bombillos,4
0124  1205  	BCF gbl_porta,4
0125  1AAA  	BTFSC gbl_bombillos,5
0126  1685  	BSF gbl_porta,5
0127  1EAA  	BTFSS gbl_bombillos,5
0128  1285  	BCF gbl_porta,5
0129  1B2A  	BTFSC gbl_bombillos,6
012A  1409  	BSF gbl_porte,0
012B  1F2A  	BTFSS gbl_bombillos,6
012C  1009  	BCF gbl_porte,0
012D  1BAA  	BTFSC gbl_bombillos,7
012E  1489  	BSF gbl_porte,1
012F  1FAA  	BTFSS gbl_bombillos,7
0130  1089  	BCF gbl_porte,1
0131  0008  	RETURN
0132        ; } setPuertos function end

	ORG 0x00000132
0132        puts_00000
0132        ; { puts ; function begin
0132        label13
0132  1383  	BCF STATUS,IRP
0133  183C  	BTFSC puts_00000_arg_source+D'1',0
0134  1783  	BSF STATUS,IRP
0135  083B  	MOVF puts_00000_arg_source, W
0136  0084  	MOVWF FSR
0137  0880  	MOVF INDF, F
0138  1903  	BTFSC STATUS,Z
0139  2946  	GOTO	label14
013A  1383  	BCF STATUS,IRP
013B  183C  	BTFSC puts_00000_arg_source+D'1',0
013C  1783  	BSF STATUS,IRP
013D  083B  	MOVF puts_00000_arg_source, W
013E  0084  	MOVWF FSR
013F  0ABB  	INCF puts_00000_arg_source, F
0140  1903  	BTFSC STATUS,Z
0141  0ABC  	INCF puts_00000_arg_source+D'1', F
0142  0800  	MOVF INDF, W
0143  00E7  	MOVWF PUTC_00000_arg_tx_char
0144  203F  	CALL PUTC_00000
0145  2932  	GOTO	label13
0146        label14
0146  300D  	MOVLW 0x0D
0147  00E7  	MOVWF PUTC_00000_arg_tx_char
0148  203F  	CALL PUTC_00000
0149  300A  	MOVLW 0x0A
014A  00E7  	MOVWF PUTC_00000_arg_tx_char
014B  203F  	CALL PUTC_00000
014C  0008  	RETURN
014D        ; } puts function end

	ORG 0x0000014D
014D        limpiarVar_00017
014D        ; { limpiarVariables ; function begin
014D  1283  	BCF STATUS, RP0
014E  1303  	BCF STATUS, RP1
014F  01A4  	CLRF gbl_calef1
0150  01A5  	CLRF gbl_calef2
0151  01A6  	CLRF gbl_Extract1
0152  01A7  	CLRF gbl_Extract2
0153  01A8  	CLRF gbl_AA
0154  01A9  	CLRF gbl_Persiana
0155  01AA  	CLRF gbl_bombillos
0156  0008  	RETURN
0157        ; } limpiarVariables function end

	ORG 0x00000157
0157        UART_INIT_00000
0157        ; { UART_INIT ; function begin
0157  1683  	BSF STATUS, RP0
0158  1787  	BSF UART_INIT_00000_1_l_rx_tris,7
0159  1307  	BCF UART_INIT_00000_1_l_tx_tris,6
015A  1283  	BCF STATUS, RP0
015B  083C  	MOVF UART_INIT_00000_arg_BRG_divisor, W
015C  1683  	BSF STATUS, RP0
015D  0099  	MOVWF UART_INIT_00000_1_l_spbrg
015E  30A4  	MOVLW 0xA4
015F  0098  	MOVWF UART_INIT_00000_1_l_txsta
0160  1283  	BCF STATUS, RP0
0161  08BB  	MOVF UART_INIT_00000_arg_BRG_mode, F
0162  1903  	BTFSC STATUS,Z
0163  2967  	GOTO	label15
0164  1683  	BSF STATUS, RP0
0165  1518  	BSF UART_INIT_00000_1_l_brgh,2
0166  2969  	GOTO	label16
0167        label15
0167  1683  	BSF STATUS, RP0
0168  1118  	BCF UART_INIT_00000_1_l_brgh,2
0169        label16
0169  30B0  	MOVLW 0xB0
016A  1283  	BCF STATUS, RP0
016B  0098  	MOVWF UART_INIT_00000_1_l_rcsta
016C  1218  	BCF UART_INIT_00000_1_l_cren,4
016D  1618  	BSF UART_INIT_00000_1_l_cren,4
016E  081A  	MOVF UART_INIT_00000_1_l_rcreg, W
016F  00BD  	MOVWF UART_INIT_00000_1_dummy
0170  0008  	RETURN
0171        ; } UART_INIT function end

	ORG 0x00000171
0171        SetDisposi_00015
0171        ; { SetDispositivo ; function begin
0171  083B  	MOVF SetDisposi_00015_arg_n1, W
0172  3A43  	XORLW 0x43
0173  1D03  	BTFSS STATUS,Z
0174  2981  	GOTO	label17
0175  083C  	MOVF SetDisposi_00015_arg_n2, W
0176  3A31  	XORLW 0x31
0177  1D03  	BTFSS STATUS,Z
0178  2981  	GOTO	label17
0179  083D  	MOVF SetDisposi_00015_arg_val, W
017A  00A4  	MOVWF gbl_calef1
017B  3003  	MOVLW 0x03
017C  00BE  	MOVWF eeprom_wri_00012_arg_address
017D  083D  	MOVF SetDisposi_00015_arg_val, W
017E  00BF  	MOVWF eeprom_wri_00012_arg_data
017F  2065  	CALL eeprom_wri_00012
0180  120D  	BCF gbl_pir2,4
0181        label17
0181  083B  	MOVF SetDisposi_00015_arg_n1, W
0182  3A43  	XORLW 0x43
0183  1D03  	BTFSS STATUS,Z
0184  2991  	GOTO	label18
0185  083C  	MOVF SetDisposi_00015_arg_n2, W
0186  3A32  	XORLW 0x32
0187  1D03  	BTFSS STATUS,Z
0188  2991  	GOTO	label18
0189  083D  	MOVF SetDisposi_00015_arg_val, W
018A  00A5  	MOVWF gbl_calef2
018B  3004  	MOVLW 0x04
018C  00BE  	MOVWF eeprom_wri_00012_arg_address
018D  083D  	MOVF SetDisposi_00015_arg_val, W
018E  00BF  	MOVWF eeprom_wri_00012_arg_data
018F  2065  	CALL eeprom_wri_00012
0190  120D  	BCF gbl_pir2,4
0191        label18
0191  083B  	MOVF SetDisposi_00015_arg_n1, W
0192  3A45  	XORLW 0x45
0193  1D03  	BTFSS STATUS,Z
0194  29A1  	GOTO	label19
0195  083C  	MOVF SetDisposi_00015_arg_n2, W
0196  3A31  	XORLW 0x31
0197  1D03  	BTFSS STATUS,Z
0198  29A1  	GOTO	label19
0199  083D  	MOVF SetDisposi_00015_arg_val, W
019A  00A6  	MOVWF gbl_Extract1
019B  3006  	MOVLW 0x06
019C  00BE  	MOVWF eeprom_wri_00012_arg_address
019D  083D  	MOVF SetDisposi_00015_arg_val, W
019E  00BF  	MOVWF eeprom_wri_00012_arg_data
019F  2065  	CALL eeprom_wri_00012
01A0  120D  	BCF gbl_pir2,4
01A1        label19
01A1  083B  	MOVF SetDisposi_00015_arg_n1, W
01A2  3A45  	XORLW 0x45
01A3  1D03  	BTFSS STATUS,Z
01A4  29B1  	GOTO	label20
01A5  083C  	MOVF SetDisposi_00015_arg_n2, W
01A6  3A32  	XORLW 0x32
01A7  1D03  	BTFSS STATUS,Z
01A8  29B1  	GOTO	label20
01A9  083D  	MOVF SetDisposi_00015_arg_val, W
01AA  00A7  	MOVWF gbl_Extract2
01AB  3007  	MOVLW 0x07
01AC  00BE  	MOVWF eeprom_wri_00012_arg_address
01AD  083D  	MOVF SetDisposi_00015_arg_val, W
01AE  00BF  	MOVWF eeprom_wri_00012_arg_data
01AF  2065  	CALL eeprom_wri_00012
01B0  120D  	BCF gbl_pir2,4
01B1        label20
01B1  083B  	MOVF SetDisposi_00015_arg_n1, W
01B2  3A41  	XORLW 0x41
01B3  1D03  	BTFSS STATUS,Z
01B4  29C1  	GOTO	label21
01B5  083C  	MOVF SetDisposi_00015_arg_n2, W
01B6  3A41  	XORLW 0x41
01B7  1D03  	BTFSS STATUS,Z
01B8  29C1  	GOTO	label21
01B9  083D  	MOVF SetDisposi_00015_arg_val, W
01BA  00A8  	MOVWF gbl_AA
01BB  3005  	MOVLW 0x05
01BC  00BE  	MOVWF eeprom_wri_00012_arg_address
01BD  083D  	MOVF SetDisposi_00015_arg_val, W
01BE  00BF  	MOVWF eeprom_wri_00012_arg_data
01BF  2065  	CALL eeprom_wri_00012
01C0  120D  	BCF gbl_pir2,4
01C1        label21
01C1  083B  	MOVF SetDisposi_00015_arg_n1, W
01C2  3A50  	XORLW 0x50
01C3  1D03  	BTFSS STATUS,Z
01C4  29D1  	GOTO	label22
01C5  083C  	MOVF SetDisposi_00015_arg_n2, W
01C6  3A31  	XORLW 0x31
01C7  1D03  	BTFSS STATUS,Z
01C8  29D1  	GOTO	label22
01C9  083D  	MOVF SetDisposi_00015_arg_val, W
01CA  00A9  	MOVWF gbl_Persiana
01CB  3009  	MOVLW 0x09
01CC  00BE  	MOVWF eeprom_wri_00012_arg_address
01CD  083D  	MOVF SetDisposi_00015_arg_val, W
01CE  00BF  	MOVWF eeprom_wri_00012_arg_data
01CF  2065  	CALL eeprom_wri_00012
01D0  120D  	BCF gbl_pir2,4
01D1        label22
01D1  083B  	MOVF SetDisposi_00015_arg_n1, W
01D2  3A42  	XORLW 0x42
01D3  1D03  	BTFSS STATUS,Z
01D4  0008  	RETURN
01D5  083C  	MOVF SetDisposi_00015_arg_n2, W
01D6  3A58  	XORLW 0x58
01D7  1D03  	BTFSS STATUS,Z
01D8  0008  	RETURN
01D9  083D  	MOVF SetDisposi_00015_arg_val, W
01DA  00AA  	MOVWF gbl_bombillos
01DB  3008  	MOVLW 0x08
01DC  00BE  	MOVWF eeprom_wri_00012_arg_address
01DD  083D  	MOVF SetDisposi_00015_arg_val, W
01DE  00BF  	MOVWF eeprom_wri_00012_arg_data
01DF  2065  	CALL eeprom_wri_00012
01E0  120D  	BCF gbl_pir2,4
01E1  0008  	RETURN
01E2        ; } SetDispositivo function end

	ORG 0x000001E2
01E2        ResponderT_00018
01E2        ; { ResponderTrama ; function begin
01E2  3050  	MOVLW 0x50
01E3  00BE  	MOVWF CompTempVar634
01E4  3041  	MOVLW 0x41
01E5  00BF  	MOVWF CompTempVar634+D'1'
01E6  304C  	MOVLW 0x4C
01E7  00C0  	MOVWF CompTempVar634+D'2'
01E8  304F  	MOVLW 0x4F
01E9  00C1  	MOVWF CompTempVar634+D'3'
01EA  3044  	MOVLW 0x44
01EB  00C2  	MOVWF CompTempVar634+D'4'
01EC  3045  	MOVLW 0x45
01ED  00C3  	MOVWF CompTempVar634+D'5'
01EE  304D  	MOVLW 0x4D
01EF  00C4  	MOVWF CompTempVar634+D'6'
01F0  3052  	MOVLW 0x52
01F1  00C5  	MOVWF CompTempVar634+D'7'
01F2  01C6  	CLRF CompTempVar634+D'8'
01F3  3000  	MOVLW HIGH(CompTempVar634+D'0')
01F4  00BD  	MOVWF ResponderT_00018_1_trama+D'1'
01F5  303E  	MOVLW LOW(CompTempVar634+D'0')
01F6  00BC  	MOVWF ResponderT_00018_1_trama
01F7  1383  	BCF STATUS,IRP
01F8  183D  	BTFSC ResponderT_00018_1_trama+D'1',0
01F9  1783  	BSF STATUS,IRP
01FA  083C  	MOVF ResponderT_00018_1_trama, W
01FB  0084  	MOVWF FSR
01FC  3002  	MOVLW 0x02
01FD  0784  	ADDWF FSR, F
01FE  3000  	MOVLW 0x00
01FF  0080  	MOVWF INDF
0200  083C  	MOVF ResponderT_00018_1_trama, W
0201  0084  	MOVWF FSR
0202  3003  	MOVLW 0x03
0203  0784  	ADDWF FSR, F
0204  3066  	MOVLW 0x66
0205  0080  	MOVWF INDF
0206  083C  	MOVF ResponderT_00018_1_trama, W
0207  0084  	MOVWF FSR
0208  3004  	MOVLW 0x04
0209  0784  	ADDWF FSR, F
020A  083B  	MOVF ResponderT_00018_arg_Destino, W
020B  0080  	MOVWF INDF
020C  083C  	MOVF ResponderT_00018_1_trama, W
020D  0084  	MOVWF FSR
020E  3005  	MOVLW 0x05
020F  0784  	ADDWF FSR, F
0210  3002  	MOVLW 0x02
0211  0080  	MOVWF INDF
0212  083C  	MOVF ResponderT_00018_1_trama, W
0213  00E1  	MOVWF puts__00000_arg_source
0214  083D  	MOVF ResponderT_00018_1_trama+D'1', W
0215  00E2  	MOVWF puts__00000_arg_source+D'1'
0216  3008  	MOVLW 0x08
0217  00E3  	MOVWF puts__00000_arg_tam
0218  01E4  	CLRF puts__00000_arg_tam+D'1'
0219  2046  	CALL puts__00000
021A  0008  	RETURN
021B        ; } ResponderTrama function end

	ORG 0x0000021B
021B        ResponderE_00019
021B        ; { ResponderEEPROM ; function begin
021B  3041  	MOVLW 0x41
021C  00CF  	MOVWF CompTempVar640+D'1'
021D  3044  	MOVLW 0x44
021E  00D2  	MOVWF CompTempVar640+D'4'
021F  3045  	MOVLW 0x45
0220  00D3  	MOVWF CompTempVar640+D'5'
0221  304C  	MOVLW 0x4C
0222  00D0  	MOVWF CompTempVar640+D'2'
0223  304D  	MOVLW 0x4D
0224  00DE  	MOVWF CompTempVar640+D'16'
0225  304F  	MOVLW 0x4F
0226  00D1  	MOVWF CompTempVar640+D'3'
0227  3050  	MOVLW 0x50
0228  00CE  	MOVWF CompTempVar640
0229  3052  	MOVLW 0x52
022A  00DF  	MOVWF CompTempVar640+D'17'
022B  3058  	MOVLW 0x58
022C  00D4  	MOVWF CompTempVar640+D'6'
022D  00D5  	MOVWF CompTempVar640+D'7'
022E  00D6  	MOVWF CompTempVar640+D'8'
022F  00D7  	MOVWF CompTempVar640+D'9'
0230  00D8  	MOVWF CompTempVar640+D'10'
0231  00D9  	MOVWF CompTempVar640+D'11'
0232  00DA  	MOVWF CompTempVar640+D'12'
0233  00DB  	MOVWF CompTempVar640+D'13'
0234  00DC  	MOVWF CompTempVar640+D'14'
0235  00DD  	MOVWF CompTempVar640+D'15'
0236  01E0  	CLRF CompTempVar640+D'18'
0237  3000  	MOVLW HIGH(CompTempVar640+D'0')
0238  00BD  	MOVWF ResponderE_00019_1_trama+D'1'
0239  304E  	MOVLW LOW(CompTempVar640+D'0')
023A  00BC  	MOVWF ResponderE_00019_1_trama
023B  1383  	BCF STATUS,IRP
023C  183D  	BTFSC ResponderE_00019_1_trama+D'1',0
023D  1783  	BSF STATUS,IRP
023E  083C  	MOVF ResponderE_00019_1_trama, W
023F  0084  	MOVWF FSR
0240  3002  	MOVLW 0x02
0241  0784  	ADDWF FSR, F
0242  300A  	MOVLW 0x0A
0243  0080  	MOVWF INDF
0244  083C  	MOVF ResponderE_00019_1_trama, W
0245  0084  	MOVWF FSR
0246  3003  	MOVLW 0x03
0247  0784  	ADDWF FSR, F
0248  3066  	MOVLW 0x66
0249  0080  	MOVWF INDF
024A  083C  	MOVF ResponderE_00019_1_trama, W
024B  0084  	MOVWF FSR
024C  3004  	MOVLW 0x04
024D  0784  	ADDWF FSR, F
024E  083B  	MOVF ResponderE_00019_arg_Destino, W
024F  0080  	MOVWF INDF
0250  083C  	MOVF ResponderE_00019_1_trama, W
0251  0084  	MOVWF FSR
0252  3005  	MOVLW 0x05
0253  0784  	ADDWF FSR, F
0254  3002  	MOVLW 0x02
0255  0080  	MOVWF INDF
0256  3003  	MOVLW 0x03
0257  00BE  	MOVWF eeprom_rea_00011_arg_address
0258  208A  	CALL eeprom_rea_00011
0259  1383  	BCF STATUS,IRP
025A  183D  	BTFSC ResponderE_00019_1_trama+D'1',0
025B  1783  	BSF STATUS,IRP
025C  083C  	MOVF ResponderE_00019_1_trama, W
025D  0084  	MOVWF FSR
025E  3006  	MOVLW 0x06
025F  0784  	ADDWF FSR, F
0260  083F  	MOVF CompTempVarRet658, W
0261  0080  	MOVWF INDF
0262  3004  	MOVLW 0x04
0263  00BE  	MOVWF eeprom_rea_00011_arg_address
0264  208A  	CALL eeprom_rea_00011
0265  1383  	BCF STATUS,IRP
0266  183D  	BTFSC ResponderE_00019_1_trama+D'1',0
0267  1783  	BSF STATUS,IRP
0268  083C  	MOVF ResponderE_00019_1_trama, W
0269  0084  	MOVWF FSR
026A  3007  	MOVLW 0x07
026B  0784  	ADDWF FSR, F
026C  083F  	MOVF CompTempVarRet658, W
026D  0080  	MOVWF INDF
026E  3006  	MOVLW 0x06
026F  00BE  	MOVWF eeprom_rea_00011_arg_address
0270  208A  	CALL eeprom_rea_00011
0271  1383  	BCF STATUS,IRP
0272  183D  	BTFSC ResponderE_00019_1_trama+D'1',0
0273  1783  	BSF STATUS,IRP
0274  083C  	MOVF ResponderE_00019_1_trama, W
0275  0084  	MOVWF FSR
0276  3008  	MOVLW 0x08
0277  0784  	ADDWF FSR, F
0278  083F  	MOVF CompTempVarRet658, W
0279  0080  	MOVWF INDF
027A  3007  	MOVLW 0x07
027B  00BE  	MOVWF eeprom_rea_00011_arg_address
027C  208A  	CALL eeprom_rea_00011
027D  1383  	BCF STATUS,IRP
027E  183D  	BTFSC ResponderE_00019_1_trama+D'1',0
027F  1783  	BSF STATUS,IRP
0280  083C  	MOVF ResponderE_00019_1_trama, W
0281  0084  	MOVWF FSR
0282  3009  	MOVLW 0x09
0283  0784  	ADDWF FSR, F
0284  083F  	MOVF CompTempVarRet658, W
0285  0080  	MOVWF INDF
0286  083C  	MOVF ResponderE_00019_1_trama, W
0287  0084  	MOVWF FSR
0288  300A  	MOVLW 0x0A
0289  0784  	ADDWF FSR, F
028A  3000  	MOVLW 0x00
028B  0080  	MOVWF INDF
028C  3009  	MOVLW 0x09
028D  00BE  	MOVWF eeprom_rea_00011_arg_address
028E  208A  	CALL eeprom_rea_00011
028F  1383  	BCF STATUS,IRP
0290  183D  	BTFSC ResponderE_00019_1_trama+D'1',0
0291  1783  	BSF STATUS,IRP
0292  083C  	MOVF ResponderE_00019_1_trama, W
0293  0084  	MOVWF FSR
0294  300B  	MOVLW 0x0B
0295  0784  	ADDWF FSR, F
0296  083F  	MOVF CompTempVarRet658, W
0297  0080  	MOVWF INDF
0298  3008  	MOVLW 0x08
0299  00BE  	MOVWF eeprom_rea_00011_arg_address
029A  208A  	CALL eeprom_rea_00011
029B  1383  	BCF STATUS,IRP
029C  183D  	BTFSC ResponderE_00019_1_trama+D'1',0
029D  1783  	BSF STATUS,IRP
029E  083C  	MOVF ResponderE_00019_1_trama, W
029F  0084  	MOVWF FSR
02A0  300C  	MOVLW 0x0C
02A1  0784  	ADDWF FSR, F
02A2  083F  	MOVF CompTempVarRet658, W
02A3  0080  	MOVWF INDF
02A4  083C  	MOVF ResponderE_00019_1_trama, W
02A5  0084  	MOVWF FSR
02A6  300D  	MOVLW 0x0D
02A7  0784  	ADDWF FSR, F
02A8  3000  	MOVLW 0x00
02A9  0080  	MOVWF INDF
02AA  083C  	MOVF ResponderE_00019_1_trama, W
02AB  0084  	MOVWF FSR
02AC  300E  	MOVLW 0x0E
02AD  0784  	ADDWF FSR, F
02AE  3000  	MOVLW 0x00
02AF  0080  	MOVWF INDF
02B0  083C  	MOVF ResponderE_00019_1_trama, W
02B1  0084  	MOVWF FSR
02B2  300F  	MOVLW 0x0F
02B3  0784  	ADDWF FSR, F
02B4  3000  	MOVLW 0x00
02B5  0080  	MOVWF INDF
02B6  083C  	MOVF ResponderE_00019_1_trama, W
02B7  00E1  	MOVWF puts__00000_arg_source
02B8  083D  	MOVF ResponderE_00019_1_trama+D'1', W
02B9  00E2  	MOVWF puts__00000_arg_source+D'1'
02BA  3012  	MOVLW 0x12
02BB  00E3  	MOVWF puts__00000_arg_tam
02BC  01E4  	CLRF puts__00000_arg_tam+D'1'
02BD  2046  	CALL puts__00000
02BE  0008  	RETURN
02BF        ; } ResponderEEPROM function end

	ORG 0x000002BF
02BF        GETC_00000
02BF        ; { GETC ; function begin
02BF  3001  	MOVLW 0x01
02C0  1283  	BCF STATUS, RP0
02C1  1303  	BCF STATUS, RP1
02C2  00BB  	MOVWF GETC_00000_1_mask
02C3        label23
02C3  209B  	CALL KBHIT_00000
02C4  08BC  	MOVF CompTempVarRet632, F
02C5  1D03  	BTFSS STATUS,Z
02C6  2AC9  	GOTO	label24
02C7  0064  	CLRWDT
02C8  2AC3  	GOTO	label23
02C9        label24
02C9  081A  	MOVF GETC_00000_1_l_rcreg, W
02CA  00BC  	MOVWF CompTempVarRet631
02CB  0008  	RETURN
02CC        ; } GETC function end

	ORG 0x000002CC
02CC        main
02CC        ; { main ; function begin
02CC  3006  	MOVLW 0x06
02CD  1683  	BSF STATUS, RP0
02CE  1303  	BCF STATUS, RP1
02CF  009F  	MOVWF gbl_adcon1
02D0  1006  	BCF gbl_trisb,0
02D1  1086  	BCF gbl_trisb,1
02D2  1106  	BCF gbl_trisb,2
02D3  1186  	BCF gbl_trisb,3
02D4  1208  	BCF gbl_trisd,4
02D5  1288  	BCF gbl_trisd,5
02D6  1308  	BCF gbl_trisd,6
02D7  1388  	BCF gbl_trisd,7
02D8  1008  	BCF gbl_trisd,0
02D9  1088  	BCF gbl_trisd,1
02DA  1108  	BCF gbl_trisd,2
02DB  1188  	BCF gbl_trisd,3
02DC  1206  	BCF gbl_trisb,4
02DD  1286  	BCF gbl_trisb,5
02DE  1306  	BCF gbl_trisb,6
02DF  1386  	BCF gbl_trisb,7
02E0  1207  	BCF gbl_trisc,4
02E1  1287  	BCF gbl_trisc,5
02E2  0185  	CLRF gbl_trisa
02E3  1009  	BCF gbl_trise,0
02E4  1089  	BCF gbl_trise,1
02E5  1107  	BCF gbl_trisc,2
02E6  1283  	BCF STATUS, RP0
02E7  1107  	BCF gbl_portc,2
02E8  0185  	CLRF gbl_porta
02E9  0186  	CLRF gbl_portb
02EA  01B9  	CLRF main_1_a
02EB  103A  	BCF main_1_x,0
02EC  3001  	MOVLW 0x01
02ED  00BB  	MOVWF UART_INIT_00000_arg_BRG_mode
02EE  3081  	MOVLW 0x81
02EF  00BC  	MOVWF UART_INIT_00000_arg_BRG_divisor
02F0  2157  	CALL UART_INIT_00000
02F1  3048  	MOVLW 0x48
02F2  00BD  	MOVWF CompTempVar656
02F3  3031  	MOVLW 0x31
02F4  00BE  	MOVWF CompTempVar656+D'1'
02F5  01BF  	CLRF CompTempVar656+D'2'
02F6  3000  	MOVLW HIGH(CompTempVar656+D'0')
02F7  00BC  	MOVWF puts_00000_arg_source+D'1'
02F8  303D  	MOVLW LOW(CompTempVar656+D'0')
02F9  00BB  	MOVWF puts_00000_arg_source
02FA  2132  	CALL puts_00000
02FB  214D  	CALL limpiarVar_00017
02FC        label25
02FC  209B  	CALL KBHIT_00000
02FD  08BC  	MOVF CompTempVarRet632, F
02FE  1903  	BTFSC STATUS,Z
02FF  2AFC  	GOTO	label25
0300  22BF  	CALL GETC_00000
0301  083C  	MOVF CompTempVarRet631, W
0302  00B2  	MOVWF gbl_temp
0303  0832  	MOVF gbl_temp, W
0304  00AD  	MOVWF gbl_UltValor
0305  082C  	MOVF gbl_ESTADO, W
0306  3A00  	XORLW 0x00
0307  1903  	BTFSC STATUS,Z
0308  2B22  	GOTO	label26
0309  3A01  	XORLW 0x01
030A  1903  	BTFSC STATUS,Z
030B  2B2F  	GOTO	label29
030C  3A03  	XORLW 0x03
030D  1903  	BTFSC STATUS,Z
030E  2B3C  	GOTO	label32
030F  3A01  	XORLW 0x01
0310  1903  	BTFSC STATUS,Z
0311  2B41  	GOTO	label33
0312  3A07  	XORLW 0x07
0313  1903  	BTFSC STATUS,Z
0314  2B46  	GOTO	label34
0315  3A01  	XORLW 0x01
0316  1903  	BTFSC STATUS,Z
0317  2B53  	GOTO	label36
0318  3A03  	XORLW 0x03
0319  1903  	BTFSC STATUS,Z
031A  2B65  	GOTO	label41
031B  3A01  	XORLW 0x01
031C  1903  	BTFSC STATUS,Z
031D  2B77  	GOTO	label44
031E  3A0F  	XORLW 0x0F
031F  1903  	BTFSC STATUS,Z
0320  2BA0  	GOTO	label49
0321  2BD6  	GOTO	label57
0322        label26
0322  0832  	MOVF gbl_temp, W
0323  3A50  	XORLW 0x50
0324  1903  	BTFSC STATUS,Z
0325  2B2A  	GOTO	label27
0326  0832  	MOVF gbl_temp, W
0327  3A70  	XORLW 0x70
0328  1D03  	BTFSS STATUS,Z
0329  2B2C  	GOTO	label28
032A        label27
032A  3001  	MOVLW 0x01
032B  00AC  	MOVWF gbl_ESTADO
032C        label28
032C  0832  	MOVF gbl_temp, W
032D  00AD  	MOVWF gbl_UltValor
032E  2AFC  	GOTO	label25
032F        label29
032F  0832  	MOVF gbl_temp, W
0330  3A41  	XORLW 0x41
0331  1903  	BTFSC STATUS,Z
0332  2B37  	GOTO	label30
0333  0832  	MOVF gbl_temp, W
0334  3A61  	XORLW 0x61
0335  1D03  	BTFSS STATUS,Z
0336  2B3A  	GOTO	label31
0337        label30
0337  3002  	MOVLW 0x02
0338  00AC  	MOVWF gbl_ESTADO
0339  2AFC  	GOTO	label25
033A        label31
033A  01AC  	CLRF gbl_ESTADO
033B  2AFC  	GOTO	label25
033C        label32
033C  0832  	MOVF gbl_temp, W
033D  00AE  	MOVWF gbl_LongTrama
033E  3003  	MOVLW 0x03
033F  00AC  	MOVWF gbl_ESTADO
0340  2AFC  	GOTO	label25
0341        label33
0341  0832  	MOVF gbl_temp, W
0342  00AF  	MOVWF gbl_Origen
0343  3004  	MOVLW 0x04
0344  00AC  	MOVWF gbl_ESTADO
0345  2AFC  	GOTO	label25
0346        label34
0346  0832  	MOVF gbl_temp, W
0347  00B0  	MOVWF gbl_Destino
0348  0830  	MOVF gbl_Destino, W
0349  3A66  	XORLW 0x66
034A  1D03  	BTFSS STATUS,Z
034B  2B50  	GOTO	label35
034C  3005  	MOVLW 0x05
034D  00AC  	MOVWF gbl_ESTADO
034E  1507  	BSF gbl_portc,2
034F  2AFC  	GOTO	label25
0350        label35
0350  01AC  	CLRF gbl_ESTADO
0351  1107  	BCF gbl_portc,2
0352  2AFC  	GOTO	label25
0353        label36
0353  0832  	MOVF gbl_temp, W
0354  00AB  	MOVWF gbl_RegEstado
0355  032B  	DECF gbl_RegEstado, W
0356  1D03  	BTFSS STATUS,Z
0357  2B5A  	GOTO	label37
0358  1438  	BSF gbl_respTrama,0
0359  2B5B  	GOTO	label38
035A        label37
035A  1038  	BCF gbl_respTrama,0
035B        label38
035B  082B  	MOVF gbl_RegEstado, W
035C  3A02  	XORLW 0x02
035D  1D03  	BTFSS STATUS,Z
035E  2B61  	GOTO	label39
035F  14B8  	BSF gbl_respEEPROM,1
0360  2B62  	GOTO	label40
0361        label39
0361  10B8  	BCF gbl_respEEPROM,1
0362        label40
0362  3006  	MOVLW 0x06
0363  00AC  	MOVWF gbl_ESTADO
0364  2AFC  	GOTO	label25
0365        label41
0365  0832  	MOVF gbl_temp, W
0366  00B3  	MOVWF gbl_nom_temp
0367  3001  	MOVLW 0x01
0368  00B1  	MOVWF gbl_nom_val
0369  0832  	MOVF gbl_temp, W
036A  3A4D  	XORLW 0x4D
036B  1903  	BTFSC STATUS,Z
036C  2B71  	GOTO	label42
036D  0832  	MOVF gbl_temp, W
036E  3A6D  	XORLW 0x6D
036F  1D03  	BTFSS STATUS,Z
0370  2B74  	GOTO	label43
0371        label42
0371  3008  	MOVLW 0x08
0372  00AC  	MOVWF gbl_ESTADO
0373  2AFC  	GOTO	label25
0374        label43
0374  3007  	MOVLW 0x07
0375  00AC  	MOVWF gbl_ESTADO
0376  2AFC  	GOTO	label25
0377        label44
0377  0831  	MOVF gbl_nom_val, W
0378  3A02  	XORLW 0x02
0379  1D03  	BTFSS STATUS,Z
037A  2B86  	GOTO	label45
037B  0832  	MOVF gbl_temp, W
037C  00B5  	MOVWF gbl_val_temp
037D  0833  	MOVF gbl_nom_temp, W
037E  00BB  	MOVWF SetDisposi_00015_arg_n1
037F  0834  	MOVF gbl_nom_temp_h, W
0380  00BC  	MOVWF SetDisposi_00015_arg_n2
0381  0835  	MOVF gbl_val_temp, W
0382  00BD  	MOVWF SetDisposi_00015_arg_val
0383  2171  	CALL SetDisposi_00015
0384  01B1  	CLRF gbl_nom_val
0385  2B95  	GOTO	label47
0386        label45
0386  0331  	DECF gbl_nom_val, W
0387  1D03  	BTFSS STATUS,Z
0388  2B8E  	GOTO	label46
0389  0832  	MOVF gbl_temp, W
038A  00B4  	MOVWF gbl_nom_temp_h
038B  3002  	MOVLW 0x02
038C  00B1  	MOVWF gbl_nom_val
038D  2B95  	GOTO	label47
038E        label46
038E  08B1  	MOVF gbl_nom_val, F
038F  1D03  	BTFSS STATUS,Z
0390  2B95  	GOTO	label47
0391  0832  	MOVF gbl_temp, W
0392  00B3  	MOVWF gbl_nom_temp
0393  3001  	MOVLW 0x01
0394  00B1  	MOVWF gbl_nom_val
0395        label47
0395  0832  	MOVF gbl_temp, W
0396  3A4D  	XORLW 0x4D
0397  1903  	BTFSC STATUS,Z
0398  2B9D  	GOTO	label48
0399  0832  	MOVF gbl_temp, W
039A  3A6D  	XORLW 0x6D
039B  1D03  	BTFSS STATUS,Z
039C  2AFC  	GOTO	label25
039D        label48
039D  3008  	MOVLW 0x08
039E  00AC  	MOVWF gbl_ESTADO
039F  2AFC  	GOTO	label25
03A0        label49
03A0  0832  	MOVF gbl_temp, W
03A1  3A52  	XORLW 0x52
03A2  1903  	BTFSC STATUS,Z
03A3  2BA8  	GOTO	label50
03A4  0832  	MOVF gbl_temp, W
03A5  3A72  	XORLW 0x72
03A6  1D03  	BTFSS STATUS,Z
03A7  2BB5  	GOTO	label53
03A8        label50
03A8  20A5  	CALL setPuertos_00000
03A9  1C38  	BTFSS gbl_respTrama,0
03AA  2BAE  	GOTO	label51
03AB  3064  	MOVLW 0x64
03AC  00BB  	MOVWF ResponderT_00018_arg_Destino
03AD  21E2  	CALL ResponderT_00018
03AE        label51
03AE  1CB8  	BTFSS gbl_respEEPROM,1
03AF  2BB3  	GOTO	label52
03B0  3064  	MOVLW 0x64
03B1  00BB  	MOVWF ResponderE_00019_arg_Destino
03B2  221B  	CALL ResponderE_00019
03B3        label52
03B3  01AC  	CLRF gbl_ESTADO
03B4  2AFC  	GOTO	label25
03B5        label53
03B5  0831  	MOVF gbl_nom_val, W
03B6  3A02  	XORLW 0x02
03B7  1D03  	BTFSS STATUS,Z
03B8  2BC4  	GOTO	label54
03B9  0832  	MOVF gbl_temp, W
03BA  00B5  	MOVWF gbl_val_temp
03BB  0833  	MOVF gbl_nom_temp, W
03BC  00BB  	MOVWF SetDisposi_00015_arg_n1
03BD  0834  	MOVF gbl_nom_temp_h, W
03BE  00BC  	MOVWF SetDisposi_00015_arg_n2
03BF  0835  	MOVF gbl_val_temp, W
03C0  00BD  	MOVWF SetDisposi_00015_arg_val
03C1  2171  	CALL SetDisposi_00015
03C2  01B1  	CLRF gbl_nom_val
03C3  2BD3  	GOTO	label56
03C4        label54
03C4  0331  	DECF gbl_nom_val, W
03C5  1D03  	BTFSS STATUS,Z
03C6  2BCC  	GOTO	label55
03C7  0832  	MOVF gbl_temp, W
03C8  00B4  	MOVWF gbl_nom_temp_h
03C9  3002  	MOVLW 0x02
03CA  00B1  	MOVWF gbl_nom_val
03CB  2BD3  	GOTO	label56
03CC        label55
03CC  08B1  	MOVF gbl_nom_val, F
03CD  1D03  	BTFSS STATUS,Z
03CE  2BD3  	GOTO	label56
03CF  0832  	MOVF gbl_temp, W
03D0  00B3  	MOVWF gbl_nom_temp
03D1  3001  	MOVLW 0x01
03D2  00B1  	MOVWF gbl_nom_val
03D3        label56
03D3  3007  	MOVLW 0x07
03D4  00AC  	MOVWF gbl_ESTADO
03D5  2AFC  	GOTO	label25
03D6        label57
03D6  01AC  	CLRF gbl_ESTADO
03D7  2AFC  	GOTO	label25
03D8        ; } main function end

	ORG 0x000003D8
03D8        _startup
03D8  1283  	BCF STATUS, RP0
03D9  1303  	BCF STATUS, RP1
03DA  01B1  	CLRF gbl_nom_val
03DB  01B6  	CLRF CompGblVar56
03DC  3000  	MOVLW HIGH(CompGblVar56+D'0')
03DD  00B7  	MOVWF CompGblVar57
03DE  3036  	MOVLW LOW(CompGblVar56+D'0')
03DF  00A0  	MOVWF gbl_p1
03E0  0837  	MOVF CompGblVar57, W
03E1  00A1  	MOVWF gbl_p1+D'1'
03E2  01A2  	CLRF gbl_i
03E3  01A3  	CLRF gbl_i+D'1'
03E4  1038  	BCF gbl_respTrama,0
03E5  10B8  	BCF gbl_respEEPROM,1
03E6  118A  	BCF PCLATH,3
03E7  120A  	BCF PCLATH,4
03E8  2ACC  	GOTO	main
	ORG 0x00002007
2007  3F32  	DW 0x3F32
