#
# A fatal error has been detected by the Java Runtime Environment:
#
#  EXCEPTION_ACCESS_VIOLATION (0xc0000005) at pc=0x70612065, pid=2376, tid=5528
#
# JRE version: 6.0_23-b05
# Java VM: Java HotSpot(TM) Client VM (19.0-b09 mixed mode, sharing windows-x86 )
# Problematic frame:
# C  0x70612065
#
# If you would like to submit a bug report, please visit:
#   http://java.sun.com/webapps/bugreport/crash.jsp
# The crash happened outside the Java Virtual Machine in native code.
# See problematic frame for where to report the bug.
#

---------------  T H R E A D  ---------------

Current thread (0x0455a400):  JavaThread "Thread-2" [_thread_in_native, id=5528, stack(0x04a10000,0x04a60000)]

siginfo: ExceptionCode=0xc0000005, reading address 0x70612065

Registers:
EAX=0x6c6f7320, EBX=0x6d99d7a0, ECX=0x7557afd7, EDX=0x6c6f7320
ESP=0x04a5f5b0, EBP=0x64206475, ESI=0x342387a8, EDI=0x0455a400
EIP=0x70612065, EFLAGS=0x00010216

Register to memory mapping:

EAX=0x6c6f7320
0x6c6f7320 is pointing to unknown location

EBX=0x6d99d7a0
0x6d99d7a0 is pointing to unknown location

ECX=0x7557afd7
0x7557afd7 is pointing to unknown location

EDX=0x6c6f7320
0x6c6f7320 is pointing to unknown location

ESP=0x04a5f5b0
0x04a5f5b0 is pointing into the stack for thread: 0x0455a400
"Thread-2" prio=6 tid=0x0455a400 nid=0x1598 runnable [0x04a5f000]
   java.lang.Thread.State: RUNNABLE

EBP=0x64206475
0x64206475 is pointing to unknown location

ESI=0x342387a8
{method} 
 - klass: {other class}

EDI=0x0455a400
"Thread-2" prio=6 tid=0x0455a400 nid=0x1598 runnable [0x04a5f000]
   java.lang.Thread.State: RUNNABLE


Top of Stack: (sp=0x04a5f5b0)
0x04a5f5b0:   6163696c 6ef36963 0a0a0d2e 00000000
0x04a5f5c0:   00000000 00000000 00000000 00000052
0x04a5f5d0:   00000000 00000000 00000000 00000000
0x04a5f5e0:   00000001 00000001 39263e90 243558f8
0x04a5f5f0:   298f2bb0 04a5f5f4 34238ace 04a5f628
0x04a5f600:   34243e58 00000000 34238b28 00000000
0x04a5f610:   04a5f620 04a5f640 02210364 243558f8
0x04a5f620:   00000001 00000001 298f2c30 6d992c7e 

Instructions: (pc=0x70612065)
0x70612055:   
[error occurred during error reporting (printing registers, top of stack, instructions near pc), id 0xc0000005]

Stack: [0x04a10000,0x04a60000],  sp=0x04a5f5b0,  free space=317k
Native frames: (J=compiled Java code, j=interpreted, Vv=VM code, C=native code)
C  0x70612065

Java frames: (J=compiled Java code, j=interpreted, Vv=VM code)
j  gnu.io.RXTXPort.eventLoop()V+0
j  gnu.io.RXTXPort$MonitorThread.run()V+12
v  ~StubRoutines::call_stub

---------------  P R O C E S S  ---------------

Java Threads: ( => current thread )
  0x021f7000 JavaThread "TimerQueue" daemon [_thread_blocked, id=7148, stack(0x04a60000,0x04ab0000)]
  0x003d9400 JavaThread "DestroyJavaVM" [_thread_blocked, id=5764, stack(0x00b30000,0x00b80000)]
  0x0455f400 JavaThread "AWT-EventQueue-0" [_thread_blocked, id=5208, stack(0x04ab0000,0x04b00000)]
=>0x0455a400 JavaThread "Thread-2" [_thread_in_native, id=5528, stack(0x04a10000,0x04a60000)]
  0x021e6000 JavaThread "AWT-Windows" daemon [_thread_in_native, id=5276, stack(0x049c0000,0x04a10000)]
  0x021e5c00 JavaThread "AWT-Shutdown" [_thread_blocked, id=4304, stack(0x04970000,0x049c0000)]
  0x021e3000 JavaThread "Java2D Disposer" daemon [_thread_blocked, id=4916, stack(0x046f0000,0x04740000)]
  0x0219f800 JavaThread "Low Memory Detector" daemon [_thread_blocked, id=2948, stack(0x04450000,0x044a0000)]
  0x0218b400 JavaThread "CompilerThread0" daemon [_thread_blocked, id=6104, stack(0x04400000,0x04450000)]
  0x02188000 JavaThread "Attach Listener" daemon [_thread_blocked, id=1292, stack(0x043b0000,0x04400000)]
  0x02185000 JavaThread "Signal Dispatcher" daemon [_thread_blocked, id=4448, stack(0x04360000,0x043b0000)]
  0x02143800 JavaThread "Finalizer" daemon [_thread_blocked, id=5700, stack(0x04310000,0x04360000)]
  0x02142000 JavaThread "Reference Handler" daemon [_thread_blocked, id=3696, stack(0x042c0000,0x04310000)]

Other Threads:
  0x02140c00 VMThread [stack: 0x04270000,0x042c0000] [id=4920]
  0x021b1400 WatcherThread [stack: 0x044a0000,0x044f0000] [id=5620]

VM state:not at safepoint (normal execution)

VM Mutex/Monitor currently owned by a thread: None

Heap
 def new generation   total 4928K, used 1925K [0x24200000, 0x24750000, 0x29750000)
  eden space 4416K,  38% used [0x24200000, 0x243a3fc8, 0x24650000)
  from space 512K,  47% used [0x246d0000, 0x2470d450, 0x24750000)
  to   space 512K,   0% used [0x24650000, 0x24650000, 0x246d0000)
 tenured generation   total 10944K, used 2177K [0x29750000, 0x2a200000, 0x34200000)
   the space 10944K,  19% used [0x29750000, 0x29970600, 0x29970600, 0x2a200000)
 compacting perm gen  total 12288K, used 635K [0x34200000, 0x34e00000, 0x38200000)
   the space 12288K,   5% used [0x34200000, 0x3429ee48, 0x3429f000, 0x34e00000)
    ro space 10240K,  54% used [0x38200000, 0x3877c6b0, 0x3877c800, 0x38c00000)
    rw space 12288K,  55% used [0x38c00000, 0x392a01f0, 0x392a0200, 0x39800000)

Dynamic libraries:
0x00400000 - 0x00424000 	C:\Program Files\Java\jdk1.6.0_23\jre\bin\java.exe
0x76e80000 - 0x76fa8000 	C:\Windows\system32\ntdll.dll
0x75530000 - 0x7560c000 	C:\Windows\system32\kernel32.dll
0x75c70000 - 0x75d36000 	C:\Windows\system32\ADVAPI32.dll
0x76260000 - 0x76323000 	C:\Windows\system32\RPCRT4.dll
0x7c340000 - 0x7c396000 	C:\Program Files\Java\jdk1.6.0_23\jre\bin\msvcr71.dll
0x6d8a0000 - 0x6db4c000 	C:\Program Files\Java\jdk1.6.0_23\jre\bin\client\jvm.dll
0x75a60000 - 0x75afd000 	C:\Windows\system32\USER32.dll
0x760c0000 - 0x7610b000 	C:\Windows\system32\GDI32.dll
0x73a60000 - 0x73a92000 	C:\Windows\system32\WINMM.dll
0x77030000 - 0x770da000 	C:\Windows\system32\msvcrt.dll
0x76110000 - 0x76255000 	C:\Windows\system32\ole32.dll
0x75f50000 - 0x75fdd000 	C:\Windows\system32\OLEAUT32.dll
0x73a20000 - 0x73a5e000 	C:\Windows\system32\OLEACC.dll
0x75fe0000 - 0x75ffe000 	C:\Windows\system32\IMM32.DLL
0x75d40000 - 0x75e08000 	C:\Windows\system32\MSCTF.dll
0x75350000 - 0x7537c000 	C:\Windows\system32\apphelp.dll
0x756c0000 - 0x756c9000 	C:\Windows\system32\LPK.DLL
0x75b00000 - 0x75b7d000 	C:\Windows\system32\USP10.dll
0x6d850000 - 0x6d85c000 	C:\Program Files\Java\jdk1.6.0_23\jre\bin\verify.dll
0x6d3d0000 - 0x6d3ef000 	C:\Program Files\Java\jdk1.6.0_23\jre\bin\java.dll
0x6d330000 - 0x6d338000 	C:\Program Files\Java\jdk1.6.0_23\jre\bin\hpi.dll
0x75510000 - 0x75517000 	C:\Windows\system32\PSAPI.DLL
0x6d890000 - 0x6d89f000 	C:\Program Files\Java\jdk1.6.0_23\jre\bin\zip.dll
0x6d0b0000 - 0x6d1fa000 	C:\Program Files\Java\jdk1.6.0_23\jre\bin\awt.dll
0x73420000 - 0x73462000 	C:\Windows\system32\WINSPOOL.DRV
0x74270000 - 0x7440e000 	C:\Windows\WinSxS\x86_microsoft.windows.common-controls_6595b64144ccf1df_6.0.6002.18305_none_5cb72f2a088b0ed3\COMCTL32.dll
0x75610000 - 0x75669000 	C:\Windows\system32\SHLWAPI.dll
0x720c0000 - 0x720cc000 	C:\Windows\system32\DWMAPI.DLL
0x74570000 - 0x745af000 	C:\Windows\system32\uxtheme.dll
0x6d2e0000 - 0x6d32f000 	C:\Program Files\Java\jdk1.6.0_23\jre\bin\fontmanager.dll
0x76330000 - 0x76e41000 	C:\Windows\system32\shell32.dll
0x10000000 - 0x10012000 	C:\Program Files\Java\jdk1.6.0_23\jre\bin\rxtxSerial.dll
0x6d570000 - 0x6d597000 	C:\Windows\system32\crtdll.dll
0x04840000 - 0x04878000 	C:\Windows\system32\btmmhook.dll
0x6d6b0000 - 0x6d6c3000 	C:\Program Files\Java\jdk1.6.0_23\jre\bin\net.dll
0x76000000 - 0x7602d000 	C:\Windows\system32\WS2_32.dll
0x75520000 - 0x75526000 	C:\Windows\system32\NSI.dll
0x74b10000 - 0x74b4b000 	C:\Windows\system32\mswsock.dll
0x74b70000 - 0x74b75000 	C:\Windows\System32\wship6.dll
0x6d6d0000 - 0x6d6d9000 	C:\Program Files\Java\jdk1.6.0_23\jre\bin\nio.dll
0x76030000 - 0x760b4000 	C:\Windows\system32\CLBCatQ.DLL
0x04d30000 - 0x04d4a000 	C:\Program Files\Dell\QuickSet\dadkeyb.dll
0x04d60000 - 0x04d81000 	C:\Program Files\WIDCOMM\Bluetooth Software\btkeyind.dll

VM Arguments:
jvm_args: -Xbootclasspath/p:C:\Users\Pablo Alejandro\Documents\Proyecto Ambientes Controlados 2011\Software\PruebaComunicacion\${endorsed.classpath} -Dfile.encoding=UTF-8 
java_command: pruebacomunicacion.Main
Launcher Type: SUN_STANDARD

Environment Variables:
PATH=C:\Program Files\Common Files\Microsoft Shared\Windows Live;C:\Program Files\MiKTeX 2.9\miktex\bin;C:\oraclexe\app\oracle\product\10.2.0\server\bin;C:\Program Files\MiKTeX 2.7\miktex\bin;C:\Windows\system32;C:\Windows;C:\Windows\System32\Wbem;C:\Program Files\MATLAB\R2009b\runtime\win32;C:\Program Files\MATLAB\R2009b\bin;C:\Windows\System32\WindowsPowerShell\v1.0\;C:\Program Files\Windows Live\Shared;C:\Program Files\Microsoft ASP.NET\ASP.NET Web Pages\v1.0\;C:\Program Files\Microsoft SQL Server\100\Tools\Binn\;C:\Program Files\Microsoft SQL Server\100\DTS\Binn\
USERNAME=Pablo Alejandro
OS=Windows_NT
PROCESSOR_IDENTIFIER=x86 Family 6 Model 23 Stepping 10, GenuineIntel



---------------  S Y S T E M  ---------------

OS: Windows Vista Build 6002 Service Pack 2

CPU:total 2 (2 cores per cpu, 1 threads per core) family 6 model 23 stepping 10, cmov, cx8, fxsr, mmx, sse, sse2, sse3, ssse3, sse4.1

Memory: 4k page, physical 2057864k(568912k free), swap 4373044k(1248004k free)

vm_info: Java HotSpot(TM) Client VM (19.0-b09) for windows-x86 JRE (1.6.0_23-b05), built on Nov 12 2010 15:00:43 by "java_re" with MS VC++ 7.1 (VS2003)

time: Sun Oct 30 18:19:08 2011
elapsed time: 1708 seconds

