#
# A fatal error has been detected by the Java Runtime Environment:
#
#  EXCEPTION_ACCESS_VIOLATION (0xc0000005) at pc=0x70612065, pid=4148, tid=4908
#
# JRE version: 7.0_05-b05
# Java VM: Java HotSpot(TM) Client VM (23.1-b03 mixed mode, sharing windows-x86 )
# Problematic frame:
# C  0x70612065
#
# Failed to write core dump. Minidumps are not enabled by default on client versions of Windows
#
# If you would like to submit a bug report, please visit:
#   http://bugreport.sun.com/bugreport/crash.jsp
# The crash happened outside the Java Virtual Machine in native code.
# See problematic frame for where to report the bug.
#

---------------  T H R E A D  ---------------

Current thread (0x047dd000):  JavaThread "Thread-1" [_thread_in_native, id=4908, stack(0x044b0000,0x04500000)]

siginfo: ExceptionCode=0xc0000005, ExceptionInformation=0x00000008 0x70612065

Registers:
EAX=0x6c6f7320, EBX=0x6c4c8630, ECX=0x7727afd7, EDX=0x6c6f7320
ESP=0x044ff2a0, EBP=0x64206475, ESI=0x34292740, EDI=0x047dd000
EIP=0x70612065, EFLAGS=0x00010216

Top of Stack: (sp=0x044ff2a0)
0x044ff2a0:   6163696c 6ef36963 0a0a0d2e 00000000
0x044ff2b0:   044ff1f0 77374680 772c9425 0000024c
0x044ff2c0:   00000288 00000000 77374190 7727b0d6
0x044ff2d0:   00000288 00000000 044ff2f8 772c9463
0x044ff2e0:   00000288 047dd000 34292740 6c4c8630
0x044ff2f0:   00000000 00000004 044ff578 10005169
0x044ff300:   0000024c 044ff574 047dd000 047fc538
0x044ff310:   022cf840 022cf864 022cfc34 044ff96c 

Instructions: (pc=0x70612065)
0x70612045:   
[error occurred during error reporting (printing registers, top of stack, instructions near pc), id 0xc0000005]

Register to memory mapping:

EAX=0x6c6f7320 is an unknown value
EBX=0x6c4c8630 is an unknown value
ECX=0x7727afd7 is an unknown value
EDX=0x6c6f7320 is an unknown value
ESP=0x044ff2a0 is pointing into the stack for thread: 0x047dd000
EBP=0x64206475 is an unknown value
ESI=0x34292740 is an oop
{method} 
 - klass: {other class}
EDI=0x047dd000 is a thread


Stack: [0x044b0000,0x04500000],  sp=0x044ff2a0,  free space=316k
Native frames: (J=compiled Java code, j=interpreted, Vv=VM code, C=native code)
C  0x70612065

Java frames: (J=compiled Java code, j=interpreted, Vv=VM code)
j  gnu.io.RXTXPort.eventLoop()V+0
j  gnu.io.RXTXPort$MonitorThread.run()V+12
v  ~StubRoutines::call_stub

---------------  P R O C E S S  ---------------

Java Threads: ( => current thread )
  0x04822800 JavaThread "TimerQueue" daemon [_thread_blocked, id=6140, stack(0x04d30000,0x04d80000)]
  0x00ccac00 JavaThread "DestroyJavaVM" [_thread_blocked, id=4876, stack(0x00df0000,0x00e40000)]
  0x047ea800 JavaThread "AWT-EventQueue-0" [_thread_blocked, id=4408, stack(0x05040000,0x05090000)]
=>0x047dd000 JavaThread "Thread-1" [_thread_in_native, id=4908, stack(0x044b0000,0x04500000)]
  0x0476e000 JavaThread "AWT-Windows" daemon [_thread_in_native, id=4980, stack(0x04660000,0x046b0000)]
  0x0476c800 JavaThread "AWT-Shutdown" [_thread_blocked, id=1516, stack(0x01b80000,0x01bd0000)]
  0x04769c00 JavaThread "Java2D Disposer" daemon [_thread_blocked, id=4532, stack(0x04a40000,0x04a90000)]
  0x022cc800 JavaThread "Service Thread" daemon [_thread_blocked, id=6124, stack(0x04710000,0x04760000)]
  0x022c2000 JavaThread "C1 CompilerThread0" daemon [_thread_blocked, id=1208, stack(0x046c0000,0x04710000)]
  0x022c0c00 JavaThread "Attach Listener" daemon [_thread_blocked, id=1064, stack(0x04500000,0x04550000)]
  0x022bdc00 JavaThread "Signal Dispatcher" daemon [_thread_blocked, id=5776, stack(0x045b0000,0x04600000)]
  0x022aac00 JavaThread "Finalizer" daemon [_thread_blocked, id=4992, stack(0x04310000,0x04360000)]
  0x022a6000 JavaThread "Reference Handler" daemon [_thread_blocked, id=4136, stack(0x04460000,0x044b0000)]

Other Threads:
  0x022a3c00 VMThread [stack: 0x04360000,0x043b0000] [id=3220]
  0x022e3000 WatcherThread [stack: 0x04560000,0x045b0000] [id=3380]

VM state:not at safepoint (normal execution)

VM Mutex/Monitor currently owned by a thread: None

Heap
 def new generation   total 4928K, used 1777K [0x24220000, 0x24770000, 0x29770000)
  eden space 4416K,  28% used [0x24220000, 0x2435c550, 0x24670000)
  from space 512K, 100% used [0x246f0000, 0x24770000, 0x24770000)
  to   space 512K,   0% used [0x24670000, 0x24670000, 0x246f0000)
 tenured generation   total 10944K, used 1943K [0x29770000, 0x2a220000, 0x34220000)
   the space 10944K,  17% used [0x29770000, 0x29955e90, 0x29956000, 0x2a220000)
 compacting perm gen  total 12288K, used 1111K [0x34220000, 0x34e20000, 0x38220000)
   the space 12288K,   9% used [0x34220000, 0x34335d40, 0x34335e00, 0x34e20000)
    ro space 10240K,  45% used [0x38220000, 0x386a3960, 0x386a3a00, 0x38c20000)
    rw space 12288K,  54% used [0x38c20000, 0x392a74d8, 0x392a7600, 0x39820000)

Code Cache  [0x02300000, 0x023f0000, 0x04300000)
 total_blobs=483 nmethods=270 adapters=148 free_code_cache=31823Kb largest_free_block=32587392

Compilation events (10 events):
Event: 23.839 Thread 0x022c2000  266             java.awt.Component::getY (5 bytes)
Event: 23.839 Thread 0x022c2000 nmethod 266 0x023e9b08 code [0x023e9c00, 0x023e9c80]
Event: 23.902 Thread 0x022c2000  267  s!         java.awt.Toolkit::getDefaultToolkit (39 bytes)
Event: 23.902 Thread 0x022c2000 nmethod 267 0x023e9cc8 code [0x023e9e00, 0x023ea09c]
Event: 23.909 Thread 0x022c2000  268             sun.awt.SunHints$Value::hashCode (5 bytes)
Event: 23.910 Thread 0x022c2000 nmethod 268 0x023ea208 code [0x023ea300, 0x023ea38c]
Event: 23.910 Thread 0x022c2000  269             java.awt.font.FontRenderContext::equals (127 bytes)
Event: 23.912 Thread 0x022c2000 nmethod 269 0x023ea408 code [0x023ea570, 0x023eaa40]
Event: 30.286 Thread 0x022c2000  270             gnu.io.RXTXPort::sendEvent (412 bytes)
Event: 30.289 Thread 0x022c2000 nmethod 270 0x023eac48 code [0x023eae00, 0x023eba34]

GC Heap History (2 events):
Event: 1.197 GC heap before
{Heap before GC invocations=0 (full 0):
 def new generation   total 4928K, used 4416K [0x24220000, 0x24770000, 0x29770000)
  eden space 4416K, 100% used [0x24220000, 0x24670000, 0x24670000)
  from space 512K,   0% used [0x24670000, 0x24670000, 0x246f0000)
  to   space 512K,   0% used [0x246f0000, 0x246f0000, 0x24770000)
 tenured generation   total 10944K, used 0K [0x29770000, 0x2a220000, 0x34220000)
   the space 10944K,   0% used [0x29770000, 0x29770000, 0x29770200, 0x2a220000)
 compacting perm gen  total 12288K, used 1025K [0x34220000, 0x34e20000, 0x38220000)
   the space 12288K,   8% used [0x34220000, 0x34320730, 0x34320800, 0x34e20000)
    ro space 10240K,  45% used [0x38220000, 0x386a3960, 0x386a3a00, 0x38c20000)
    rw space 12288K,  54% used [0x38c20000, 0x392a74d8, 0x392a7600, 0x39820000)
Event: 1.213 GC heap after
Heap after GC invocations=1 (full 0):
 def new generation   total 4928K, used 512K [0x24220000, 0x24770000, 0x29770000)
  eden space 4416K,   0% used [0x24220000, 0x24220000, 0x24670000)
  from space 512K, 100% used [0x246f0000, 0x24770000, 0x24770000)
  to   space 512K,   0% used [0x24670000, 0x24670000, 0x246f0000)
 tenured generation   total 10944K, used 1943K [0x29770000, 0x2a220000, 0x34220000)
   the space 10944K,  17% used [0x29770000, 0x29955e90, 0x29956000, 0x2a220000)
 compacting perm gen  total 12288K, used 1025K [0x34220000, 0x34e20000, 0x38220000)
   the space 12288K,   8% used [0x34220000, 0x34320730, 0x34320800, 0x34e20000)
    ro space 10240K,  45% used [0x38220000, 0x386a3960, 0x386a3a00, 0x38c20000)
    rw space 12288K,  54% used [0x38c20000, 0x392a74d8, 0x392a7600, 0x39820000)
}

Deoptimization events (0 events):
No events

Internal exceptions (10 events):
Event: 0.825 Thread 0x00ccac00 Threw 0x24423d78 at C:\jdk7u5_32P\jdk7u5\hotspot\src\share\vm\prims\jvm.cpp:1166
Event: 0.826 Thread 0x00ccac00 Threw 0x24425870 at C:\jdk7u5_32P\jdk7u5\hotspot\src\share\vm\prims\jvm.cpp:1166
Event: 0.827 Thread 0x00ccac00 Threw 0x244270c0 at C:\jdk7u5_32P\jdk7u5\hotspot\src\share\vm\prims\jvm.cpp:1166
Event: 0.828 Thread 0x00ccac00 Threw 0x24428b48 at C:\jdk7u5_32P\jdk7u5\hotspot\src\share\vm\prims\jvm.cpp:1166
Event: 0.829 Thread 0x00ccac00 Threw 0x2442a378 at C:\jdk7u5_32P\jdk7u5\hotspot\src\share\vm\prims\jvm.cpp:1166
Event: 0.891 Thread 0x00ccac00 Threw 0x2446da00 at C:\jdk7u5_32P\jdk7u5\hotspot\src\share\vm\prims\jvm.cpp:1166
Event: 0.891 Thread 0x00ccac00 Threw 0x2446db18 at C:\jdk7u5_32P\jdk7u5\hotspot\src\share\vm\prims\jvm.cpp:1166
Event: 0.892 Thread 0x00ccac00 Threw 0x24471188 at C:\jdk7u5_32P\jdk7u5\hotspot\src\share\vm\prims\jvm.cpp:1166
Event: 0.892 Thread 0x00ccac00 Threw 0x244712a0 at C:\jdk7u5_32P\jdk7u5\hotspot\src\share\vm\prims\jvm.cpp:1166
Event: 5.765 Thread 0x047dd000 Threw 0x2428ef48 at C:\jdk7u5_32P\jdk7u5\hotspot\src\share\vm\prims\jvm.cpp:1166

Events (10 events):
Event: 5.764 loading class 0x047914e8 done
Event: 5.767 loading class 0x39840c60
Event: 5.767 loading class 0x39840c60 done
Event: 20.419 loading class 0x39911158
Event: 20.419 loading class 0x39911158 done
Event: 20.419 loading class 0x399111c8
Event: 20.420 loading class 0x399111c8 done
Event: 20.427 loading class 0x39924360
Event: 20.427 loading class 0x39924360 done
Event: 20.695 Thread 0x047e9c00 Thread exited: 0x047e9c00


Dynamic libraries:
0x00f30000 - 0x00f5f000 	C:\Program Files\Java\jdk1.7.0_05\jre\bin\java.exe
0x77310000 - 0x77438000 	C:\Windows\system32\ntdll.dll
0x77230000 - 0x7730c000 	C:\Windows\system32\kernel32.dll
0x75d50000 - 0x75e16000 	C:\Windows\system32\ADVAPI32.dll
0x75ae0000 - 0x75ba3000 	C:\Windows\system32\RPCRT4.dll
0x76f80000 - 0x7701d000 	C:\Windows\system32\USER32.dll
0x75e20000 - 0x75e6b000 	C:\Windows\system32\GDI32.dll
0x74700000 - 0x7489e000 	C:\Windows\WinSxS\x86_microsoft.windows.common-controls_6595b64144ccf1df_6.0.6002.18305_none_5cb72f2a088b0ed3\COMCTL32.dll
0x75bb0000 - 0x75c5a000 	C:\Windows\system32\msvcrt.dll
0x76bc0000 - 0x76c19000 	C:\Windows\system32\SHLWAPI.dll
0x75cb0000 - 0x75cce000 	C:\Windows\system32\IMM32.DLL
0x75a00000 - 0x75ac8000 	C:\Windows\system32\MSCTF.dll
0x76a20000 - 0x76a29000 	C:\Windows\system32\LPK.DLL
0x76f00000 - 0x76f7d000 	C:\Windows\system32\USP10.dll
0x6d8f0000 - 0x6d9ae000 	C:\Program Files\Java\jdk1.7.0_05\jre\bin\msvcr100.dll
0x6c420000 - 0x6c76a000 	C:\Program Files\Java\jdk1.7.0_05\jre\bin\client\jvm.dll
0x72b60000 - 0x72b67000 	C:\Windows\system32\WSOCK32.dll
0x77020000 - 0x7704d000 	C:\Windows\system32\WS2_32.dll
0x77440000 - 0x77446000 	C:\Windows\system32\NSI.dll
0x73f70000 - 0x73fa2000 	C:\Windows\system32\WINMM.dll
0x77050000 - 0x77195000 	C:\Windows\system32\ole32.dll
0x76990000 - 0x76a1d000 	C:\Windows\system32\OLEAUT32.dll
0x73f30000 - 0x73f6e000 	C:\Windows\system32\OLEACC.dll
0x75930000 - 0x75937000 	C:\Windows\system32\PSAPI.DLL
0x74180000 - 0x7418c000 	C:\Program Files\Java\jdk1.7.0_05\jre\bin\verify.dll
0x740a0000 - 0x740c0000 	C:\Program Files\Java\jdk1.7.0_05\jre\bin\java.dll
0x74080000 - 0x74093000 	C:\Program Files\Java\jdk1.7.0_05\jre\bin\zip.dll
0x66cc0000 - 0x66e02000 	C:\Program Files\Java\jdk1.7.0_05\jre\bin\awt.dll
0x72300000 - 0x7230c000 	C:\Windows\system32\DWMAPI.DLL
0x74a00000 - 0x74a3f000 	C:\Windows\system32\uxtheme.dll
0x75e70000 - 0x76981000 	C:\Windows\system32\SHELL32.dll
0x10000000 - 0x10012000 	C:\Program Files\Java\jdk1.7.0_05\jre\bin\rxtxSerial.dll
0x6d570000 - 0x6d597000 	C:\Windows\system32\crtdll.dll
0x67120000 - 0x6714a000 	C:\Program Files\Java\jdk1.7.0_05\jre\bin\fontmanager.dll
0x771a0000 - 0x77224000 	C:\Windows\system32\CLBCatQ.DLL
0x731a0000 - 0x73294000 	C:\Windows\system32\WindowsCodecs.dll
0x75800000 - 0x7582c000 	C:\Windows\system32\apphelp.dll
0x71240000 - 0x7125f000 	C:\Windows\system32\EhStorShell.dll
0x73d60000 - 0x73e1b000 	C:\Windows\system32\PROPSYS.dll
0x6f7a0000 - 0x6f9bf000 	C:\Program Files\Microsoft Office\Office12\GrooveShellExtensions.dll
0x6fac0000 - 0x6fbb3000 	C:\Program Files\Microsoft Office\Office12\GrooveUtil.DLL
0x77450000 - 0x7756b000 	C:\Windows\system32\WININET.dll
0x75ad0000 - 0x75ad3000 	C:\Windows\system32\Normaliz.dll
0x76d40000 - 0x76ef8000 	C:\Windows\system32\iertutil.dll
0x76c20000 - 0x76d31000 	C:\Windows\system32\urlmon.dll
0x75240000 - 0x75333000 	C:\Windows\system32\CRYPT32.dll
0x75460000 - 0x75472000 	C:\Windows\system32\MSASN1.dll
0x75880000 - 0x7589e000 	C:\Windows\system32\USERENV.dll
0x75860000 - 0x75874000 	C:\Windows\system32\Secur32.dll
0x74370000 - 0x7440b000 	C:\Windows\WinSxS\x86_microsoft.vc80.crt_1fc8b3b9a1e18e3b_8.0.50727.6195_none_d09154e044272b9a\MSVCR80.dll
0x71230000 - 0x71237000 	C:\Program Files\Microsoft Office\Office12\GrooveNew.DLL
0x75060000 - 0x75068000 	C:\Windows\system32\VERSION.dll
0x71210000 - 0x7122b000 	C:\Windows\WinSxS\x86_microsoft.vc80.atl_1fc8b3b9a1e18e3b_8.0.50727.6195_none_d1cb102c435421de\ATL80.DLL
0x74d70000 - 0x74dab000 	C:\Windows\system32\rsaenh.dll
0x74cc0000 - 0x74cc5000 	C:\Windows\system32\MSImg32.dll
0x67100000 - 0x67114000 	C:\Program Files\Java\jdk1.7.0_05\jre\bin\net.dll
0x74ff0000 - 0x7502b000 	C:\Windows\system32\mswsock.dll
0x75050000 - 0x75055000 	C:\Windows\System32\wship6.dll
0x677d0000 - 0x677df000 	C:\Program Files\Java\jdk1.7.0_05\jre\bin\nio.dll
0x66eb0000 - 0x66ee1000 	C:\Program Files\Java\jdk1.7.0_05\jre\bin\t2k.dll
0x69630000 - 0x6970c000 	C:\Windows\system32\dbghelp.dll

VM Arguments:
jvm_args: -Xbootclasspath/p:C:\Users\Pablo Alejandro\Desktop\PruebaComunicacion\${endorsed.classpath} -Dfile.encoding=UTF-8 
java_command: pruebacomunicacion.Main
Launcher Type: SUN_STANDARD

Environment Variables:
PATH=C:\Users\Pablo Alejandro\AppData\Roaming\ProcessMaker-2_0_39\php;C:\Program Files\Common Files\Microsoft Shared\Windows Live;C:\Program Files\MiKTeX 2.9\miktex\bin;C:\oraclexe\app\oracle\product\10.2.0\server\bin;C:\Windows\system32;C:\Windows;C:\Windows\System32\Wbem;C:\Program Files\MATLAB\R2009b\runtime\win32;C:\Program Files\MATLAB\R2009b\bin;C:\Windows\System32\WindowsPowerShell\v1.0\;C:\Program Files\Windows Live\Shared;C:\Program Files\Microsoft ASP.NET\ASP.NET Web Pages\v1.0\;C:\Program Files\Microsoft SQL Server\100\Tools\Binn\;C:\Program Files\Microsoft SQL Server\100\DTS\Binn\;C:\Program Files\pl\bin\
USERNAME=Pablo Alejandro
OS=Windows_NT
PROCESSOR_IDENTIFIER=x86 Family 6 Model 23 Stepping 10, GenuineIntel



---------------  S Y S T E M  ---------------

OS: Windows Vista Build 6002 Service Pack 2

CPU:total 2 (2 cores per cpu, 1 threads per core) family 6 model 23 stepping 10, cmov, cx8, fxsr, mmx, sse, sse2, sse3, ssse3, sse4.1, tsc

Memory: 4k page, physical 2057864k(597164k free), swap 4362804k(1951100k free)

vm_info: Java HotSpot(TM) Client VM (23.1-b03) for windows-x86 JRE (1.7.0_05-b05), built on May 15 2012 18:11:27 by "java_re" with unknown MS VC++:1600

time: Fri Aug 10 08:01:22 2012
elapsed time: 30 seconds

